<?xml version="1.0" encoding="UTF-8"?>
<!-- Generated by org.testng.reporters.JUnitReportReporter -->
<testsuite hostname="DESKTOP-DF2BP00" name="com.edu.ranzhi.BackUpTest" tests="1" failures="0" timestamp="10 Dec 2019 03:19:29 GMT" time="22.435" errors="0">
  <testcase name="testBackUp" time="22.435" classname="com.edu.ranzhi.BackUpTest"/>
</testsuite> <!-- com.edu.ranzhi.BackUpTest -->
