<?xml version="1.0" encoding="UTF-8"?>
<!-- Generated by org.testng.reporters.JUnitReportReporter -->
<testsuite hostname="DESKTOP-DF2BP00" name="com.edu.ranzhi.AddApplicationTest" tests="5" failures="0" timestamp="16 Dec 2019 07:30:54 GMT" time="85.499" errors="0">
  <testcase name="testApplication" time="16.646" classname="com.edu.ranzhi.AddApplicationTest"/>
  <testcase name="testApplication" time="17.066" classname="com.edu.ranzhi.AddApplicationTest"/>
  <testcase name="testApplication" time="17.644" classname="com.edu.ranzhi.AddApplicationTest"/>
  <testcase name="testApplication" time="17.633" classname="com.edu.ranzhi.AddApplicationTest"/>
  <testcase name="testApplication" time="16.510" classname="com.edu.ranzhi.AddApplicationTest"/>
</testsuite> <!-- com.edu.ranzhi.AddApplicationTest -->
