<?xml version="1.0" encoding="UTF-8"?>
<!-- Generated by org.testng.reporters.JUnitReportReporter -->
<testsuite hostname="DESKTOP-DF2BP00" name="com.edu.ranzhi.AddMembersTest" tests="1" failures="0" timestamp="10 Dec 2019 03:19:29 GMT" time="25.919" errors="0">
  <testcase name="testManage" time="25.919" classname="com.edu.ranzhi.AddMembersTest"/>
</testsuite> <!-- com.edu.ranzhi.AddMembersTest -->
