<?xml version="1.0" encoding="UTF-8"?>
<!-- Generated by org.testng.reporters.JUnitReportReporter -->
<testsuite hostname="DESKTOP-DF2BP00" name="com.edu.ranzhi.LoginTest" tests="2" failures="0" timestamp="16 Dec 2019 13:07:12 GMT" time="6.719" errors="0">
  <testcase name="testGetLogin" time="3.370" classname="com.edu.ranzhi.LoginTest"/>
  <testcase name="testGetLoginfail" time="3.349" classname="com.edu.ranzhi.LoginTest"/>
</testsuite> <!-- com.edu.ranzhi.LoginTest -->
