<?xml version="1.0" encoding="UTF-8"?>
<!-- Generated by org.testng.reporters.JUnitReportReporter -->
<testsuite hostname="DESKTOP-DF2BP00" name="com.edu.ranzhi.MaintenanceDepartmentTest" tests="1" failures="0" timestamp="10 Dec 2019 03:19:29 GMT" time="16.082" errors="0">
  <testcase name="testMD" time="16.082" classname="com.edu.ranzhi.MaintenanceDepartmentTest"/>
</testsuite> <!-- com.edu.ranzhi.MaintenanceDepartmentTest -->
