<?xml version="1.0" encoding="UTF-8"?>
<!-- Generated by org.testng.reporters.JUnitReportReporter -->
<testsuite hostname="DESKTOP-DF2BP00" name="com.edu.ranzhi.AddGroupTest" tests="6" failures="0" timestamp="13 Dec 2019 08:34:47 GMT" time="58.691" errors="0">
  <testcase name="testAddGroup" time="9.827" classname="com.edu.ranzhi.AddGroupTest"/>
  <testcase name="testAddGroup" time="9.799" classname="com.edu.ranzhi.AddGroupTest"/>
  <testcase name="testAddGroup" time="9.767" classname="com.edu.ranzhi.AddGroupTest"/>
  <testcase name="testAddGroup" time="9.798" classname="com.edu.ranzhi.AddGroupTest"/>
  <testcase name="testAddGroup" time="9.766" classname="com.edu.ranzhi.AddGroupTest"/>
  <testcase name="testAddGroup" time="9.734" classname="com.edu.ranzhi.AddGroupTest"/>
</testsuite> <!-- com.edu.ranzhi.AddGroupTest -->
