<?xml version="1.0" encoding="UTF-8"?>
<!-- Generated by org.testng.reporters.JUnitReportReporter -->
<testsuite hostname="DESKTOP-DF2BP00" name="com.edu.ranzhi.AddApplicationTest11111" tests="1" failures="0" timestamp="4 Dec 2019 06:08:51 GMT" time="29.626" errors="0">
  <testcase name="testManage" time="29.626" classname="com.edu.ranzhi.AddApplicationTest11111"/>
</testsuite> <!-- com.edu.ranzhi.AddApplicationTest11111 -->
