<?xml version="1.0" encoding="UTF-8"?>
<!-- Generated by org.testng.reporters.JUnitReportReporter -->
<testsuite hostname="DESKTOP-DF2BP00" name="com.edu.ranzhi.AddPlanTest" tests="5" failures="0" timestamp="16 Dec 2019 07:25:05 GMT" time="49.827" errors="0">
  <testcase name="testplan" time="9.981" classname="com.edu.ranzhi.AddPlanTest"/>
  <testcase name="testplan" time="9.940" classname="com.edu.ranzhi.AddPlanTest"/>
  <testcase name="testplan" time="9.951" classname="com.edu.ranzhi.AddPlanTest"/>
  <testcase name="testplan" time="9.954" classname="com.edu.ranzhi.AddPlanTest"/>
  <testcase name="testplan" time="10.001" classname="com.edu.ranzhi.AddPlanTest"/>
</testsuite> <!-- com.edu.ranzhi.AddPlanTest -->
