<?xml version="1.0" encoding="UTF-8"?>
<!-- Generated by org.testng.reporters.JUnitReportReporter -->
<testsuite hostname="DESKTOP-DF2BP00" name="com.edu.ranzhi.CompanyinformationTest" tests="6" failures="0" timestamp="16 Dec 2019 08:47:14 GMT" time="10.294" errors="0">
  <testcase name="testManage" time="0.079" classname="com.edu.ranzhi.CompanyinformationTest"/>
  <testcase name="testManage" time="0.070" classname="com.edu.ranzhi.CompanyinformationTest"/>
  <testcase name="testManage" time="0.073" classname="com.edu.ranzhi.CompanyinformationTest"/>
  <testcase name="testManage" time="9.908" classname="com.edu.ranzhi.CompanyinformationTest"/>
  <testcase name="testManage" time="0.076" classname="com.edu.ranzhi.CompanyinformationTest"/>
  <testcase name="testManage" time="0.088" classname="com.edu.ranzhi.CompanyinformationTest"/>
</testsuite> <!-- com.edu.ranzhi.CompanyinformationTest -->
