<?xml version="1.0" encoding="UTF-8"?>
<!-- Generated by org.testng.reporters.JUnitReportReporter -->
<testsuite hostname="DESKTOP-DF2BP00" name="com.edu.ranzhi.MaintenanceDepartmentTest" tests="1" failures="0" timestamp="16 Dec 2019 08:28:04 GMT" time="9.670" errors="0">
  <testcase name="testMD" time="9.670" classname="com.edu.ranzhi.MaintenanceDepartmentTest"/>
</testsuite> <!-- com.edu.ranzhi.MaintenanceDepartmentTest -->
