<?xml version="1.0" encoding="UTF-8"?>
<!-- Generated by org.testng.reporters.JUnitReportReporter -->
<testsuite hostname="DESKTOP-DF2BP00" name="com.edu.ranzhi.SendingSettingsTest" tests="6" failures="0" timestamp="16 Dec 2019 08:56:58 GMT" time="57.587" errors="0">
  <testcase name="testSending" time="9.570" classname="com.edu.ranzhi.SendingSettingsTest"/>
  <testcase name="testSending" time="9.571" classname="com.edu.ranzhi.SendingSettingsTest"/>
  <testcase name="testSending" time="9.598" classname="com.edu.ranzhi.SendingSettingsTest"/>
  <testcase name="testSending" time="9.579" classname="com.edu.ranzhi.SendingSettingsTest"/>
  <testcase name="testSending" time="9.664" classname="com.edu.ranzhi.SendingSettingsTest"/>
  <testcase name="testSending" time="9.605" classname="com.edu.ranzhi.SendingSettingsTest"/>
</testsuite> <!-- com.edu.ranzhi.SendingSettingsTest -->
