<?xml version="1.0" encoding="UTF-8"?>
<!-- Generated by org.testng.reporters.JUnitReportReporter -->
<testsuite hostname="DESKTOP-DF2BP00" name="com.edu.ranzhi.RestartXuanXuan" tests="1" failures="0" timestamp="16 Dec 2019 08:29:32 GMT" time="9.615" errors="0">
  <testcase name="testXuanxuan" time="9.615" classname="com.edu.ranzhi.RestartXuanXuan"/>
</testsuite> <!-- com.edu.ranzhi.RestartXuanXuan -->
