<?xml version="1.0" encoding="UTF-8"?>
<!-- Generated by org.testng.reporters.JUnitReportReporter -->
<testsuite hostname="DESKTOP-DF2BP00" name="com.edu.ranzhi.AddGroupTest" tests="6" failures="0" timestamp="16 Dec 2019 05:58:40 GMT" time="60.784" errors="0">
  <testcase name="testAddGroup" time="10.006" classname="com.edu.ranzhi.AddGroupTest"/>
  <testcase name="testAddGroup" time="10.145" classname="com.edu.ranzhi.AddGroupTest"/>
  <testcase name="testAddGroup" time="10.119" classname="com.edu.ranzhi.AddGroupTest"/>
  <testcase name="testAddGroup" time="10.143" classname="com.edu.ranzhi.AddGroupTest"/>
  <testcase name="testAddGroup" time="10.229" classname="com.edu.ranzhi.AddGroupTest"/>
  <testcase name="testAddGroup" time="10.142" classname="com.edu.ranzhi.AddGroupTest"/>
</testsuite> <!-- com.edu.ranzhi.AddGroupTest -->
