<?xml version="1.0" encoding="UTF-8"?>
<!-- Generated by org.testng.reporters.JUnitReportReporter -->
<testsuite hostname="DESKTOP-DF2BP00" name="com.edu.ranzhi.SendingSettingsTest" tests="1" failures="0" timestamp="10 Dec 2019 06:10:53 GMT" time="15.938" errors="0">
  <testcase name="testXuanxuan" time="15.938" classname="com.edu.ranzhi.SendingSettingsTest"/>
</testsuite> <!-- com.edu.ranzhi.SendingSettingsTest -->
