<?xml version="1.0" encoding="UTF-8"?>
<!-- Generated by org.testng.reporters.JUnitReportReporter -->
<testsuite hostname="DESKTOP-DF2BP00" name="com.edu.ranzhi.AddMembersTest" tests="5" failures="0" timestamp="16 Dec 2019 07:52:15 GMT" time="89.865" errors="0">
  <testcase name="testManage" time="19.482" classname="com.edu.ranzhi.AddMembersTest"/>
  <testcase name="testManage" time="20.845" classname="com.edu.ranzhi.AddMembersTest"/>
  <testcase name="testManage" time="9.730" classname="com.edu.ranzhi.AddMembersTest"/>
  <testcase name="testManage" time="19.445" classname="com.edu.ranzhi.AddMembersTest"/>
  <testcase name="testManage" time="20.363" classname="com.edu.ranzhi.AddMembersTest"/>
</testsuite> <!-- com.edu.ranzhi.AddMembersTest -->
