<?xml version="1.0" encoding="UTF-8"?>
<!-- Generated by org.testng.reporters.JUnitReportReporter -->
<testsuite hostname="DESKTOP-DF2BP00" name="com.edu.ranzhi.RoleSettingTest" tests="1" failures="0" timestamp="10 Dec 2019 01:57:32 GMT" time="23.335" errors="0">
  <testcase name="testRoleSetting" time="23.335" classname="com.edu.ranzhi.RoleSettingTest"/>
</testsuite> <!-- com.edu.ranzhi.RoleSettingTest -->
