<?xml version="1.0" encoding="UTF-8"?>
<!-- Generated by org.testng.reporters.JUnitReportReporter -->
<testsuite hostname="DESKTOP-DF2BP00" name="com.edu.ranzhi.RestartXuanXuan" tests="1" failures="0" timestamp="10 Dec 2019 03:19:29 GMT" time="15.964" errors="0">
  <testcase name="testXuanxuan" time="15.964" classname="com.edu.ranzhi.RestartXuanXuan"/>
</testsuite> <!-- com.edu.ranzhi.RestartXuanXuan -->
