<?xml version="1.0" encoding="UTF-8"?>
<!-- Generated by org.testng.reporters.JUnitReportReporter -->
<testsuite hostname="abc123" name="com.webtest.ranzhicase.DailyOfficeTestCases" tests="43" failures="0" timestamp="19 Dec 2019 03:31:18 GMT" time="8.137" errors="0">
  <testcase name="test13" time="0.057" classname="com.webtest.ranzhicase.DailyOfficeTestCases"/>
  <testcase name="test10" time="0.051" classname="com.webtest.ranzhicase.DailyOfficeTestCases"/>
  <testcase name="test43" time="0.042" classname="com.webtest.ranzhicase.DailyOfficeTestCases"/>
  <testcase name="test31" time="0.057" classname="com.webtest.ranzhicase.DailyOfficeTestCases"/>
  <testcase name="test41" time="0.052" classname="com.webtest.ranzhicase.DailyOfficeTestCases"/>
  <testcase name="test34" time="0.168" classname="com.webtest.ranzhicase.DailyOfficeTestCases"/>
  <testcase name="test22" time="0.064" classname="com.webtest.ranzhicase.DailyOfficeTestCases"/>
  <testcase name="test04" time="0.071" classname="com.webtest.ranzhicase.DailyOfficeTestCases"/>
  <testcase name="test09" time="0.041" classname="com.webtest.ranzhicase.DailyOfficeTestCases"/>
  <testcase name="test30" time="0.064" classname="com.webtest.ranzhicase.DailyOfficeTestCases"/>
  <testcase name="test37" time="0.049" classname="com.webtest.ranzhicase.DailyOfficeTestCases"/>
  <testcase name="test32" time="0.051" classname="com.webtest.ranzhicase.DailyOfficeTestCases"/>
  <testcase name="test03" time="0.059" classname="com.webtest.ranzhicase.DailyOfficeTestCases"/>
  <testcase name="test42" time="0.046" classname="com.webtest.ranzhicase.DailyOfficeTestCases"/>
  <testcase name="test33" time="3.270" classname="com.webtest.ranzhicase.DailyOfficeTestCases"/>
  <testcase name="test02" time="0.130" classname="com.webtest.ranzhicase.DailyOfficeTestCases"/>
  <testcase name="test19" time="0.106" classname="com.webtest.ranzhicase.DailyOfficeTestCases"/>
  <testcase name="test21" time="0.062" classname="com.webtest.ranzhicase.DailyOfficeTestCases"/>
  <testcase name="test05" time="1.844" classname="com.webtest.ranzhicase.DailyOfficeTestCases"/>
  <testcase name="test15" time="0.207" classname="com.webtest.ranzhicase.DailyOfficeTestCases"/>
  <testcase name="test27" time="0.036" classname="com.webtest.ranzhicase.DailyOfficeTestCases"/>
  <testcase name="test25" time="0.037" classname="com.webtest.ranzhicase.DailyOfficeTestCases"/>
  <testcase name="test08" time="0.064" classname="com.webtest.ranzhicase.DailyOfficeTestCases"/>
  <testcase name="test38" time="0.052" classname="com.webtest.ranzhicase.DailyOfficeTestCases"/>
  <testcase name="test16" time="0.044" classname="com.webtest.ranzhicase.DailyOfficeTestCases"/>
  <testcase name="test20" time="0.091" classname="com.webtest.ranzhicase.DailyOfficeTestCases"/>
  <testcase name="test11" time="0.066" classname="com.webtest.ranzhicase.DailyOfficeTestCases"/>
  <testcase name="test06" time="0.030" classname="com.webtest.ranzhicase.DailyOfficeTestCases"/>
  <testcase name="test26" time="0.069" classname="com.webtest.ranzhicase.DailyOfficeTestCases"/>
  <testcase name="test39" time="0.065" classname="com.webtest.ranzhicase.DailyOfficeTestCases"/>
  <testcase name="test23" time="0.033" classname="com.webtest.ranzhicase.DailyOfficeTestCases"/>
  <testcase name="test29" time="0.057" classname="com.webtest.ranzhicase.DailyOfficeTestCases"/>
  <testcase name="test14" time="0.072" classname="com.webtest.ranzhicase.DailyOfficeTestCases"/>
  <testcase name="test07" time="0.097" classname="com.webtest.ranzhicase.DailyOfficeTestCases"/>
  <testcase name="test28" time="0.062" classname="com.webtest.ranzhicase.DailyOfficeTestCases"/>
  <testcase name="test12" time="0.302" classname="com.webtest.ranzhicase.DailyOfficeTestCases"/>
  <testcase name="test17" time="0.031" classname="com.webtest.ranzhicase.DailyOfficeTestCases"/>
  <testcase name="test18" time="0.059" classname="com.webtest.ranzhicase.DailyOfficeTestCases"/>
  <testcase name="test40" time="0.061" classname="com.webtest.ranzhicase.DailyOfficeTestCases"/>
  <testcase name="test44" time="0.028" classname="com.webtest.ranzhicase.DailyOfficeTestCases"/>
  <testcase name="test36" time="0.040" classname="com.webtest.ranzhicase.DailyOfficeTestCases"/>
  <testcase name="test01" time="0.193" classname="com.webtest.ranzhicase.DailyOfficeTestCases"/>
  <testcase name="test35" time="0.057" classname="com.webtest.ranzhicase.DailyOfficeTestCases"/>
</testsuite> <!-- com.webtest.ranzhicase.DailyOfficeTestCases -->
