<?xml version="1.0" encoding="UTF-8"?>
<!-- Generated by org.testng.reporters.JUnitReportReporter -->
<testsuite hostname="abc123" name="com.webtest.ranzhicase.MyTerritoryTestCases" tests="51" failures="0" timestamp="18 Dec 2019 15:34:25 GMT" time="263.286" errors="0">
  <testcase name="test23" time="3.601" classname="com.webtest.ranzhicase.MyTerritoryTestCases"/>
  <testcase name="test21" time="3.515" classname="com.webtest.ranzhicase.MyTerritoryTestCases"/>
  <testcase name="test46" time="3.902" classname="com.webtest.ranzhicase.MyTerritoryTestCases"/>
  <testcase name="test13" time="3.846" classname="com.webtest.ranzhicase.MyTerritoryTestCases"/>
  <testcase name="test26" time="5.487" classname="com.webtest.ranzhicase.MyTerritoryTestCases"/>
  <testcase name="test28" time="1.375" classname="com.webtest.ranzhicase.MyTerritoryTestCases"/>
  <testcase name="test46" time="3.988" classname="com.webtest.ranzhicase.MyTerritoryTestCases"/>
  <testcase name="test46" time="3.864" classname="com.webtest.ranzhicase.MyTerritoryTestCases"/>
  <testcase name="test46" time="4.110" classname="com.webtest.ranzhicase.MyTerritoryTestCases"/>
  <testcase name="test20" time="4.185" classname="com.webtest.ranzhicase.MyTerritoryTestCases"/>
  <testcase name="test22" time="4.007" classname="com.webtest.ranzhicase.MyTerritoryTestCases"/>
  <testcase name="test46" time="4.814" classname="com.webtest.ranzhicase.MyTerritoryTestCases"/>
  <testcase name="test25" time="4.465" classname="com.webtest.ranzhicase.MyTerritoryTestCases"/>
  <testcase name="test40" time="4.227" classname="com.webtest.ranzhicase.MyTerritoryTestCases"/>
  <testcase name="test06" time="10.358" classname="com.webtest.ranzhicase.MyTerritoryTestCases"/>
  <testcase name="test46" time="3.905" classname="com.webtest.ranzhicase.MyTerritoryTestCases"/>
  <testcase name="test44" time="3.791" classname="com.webtest.ranzhicase.MyTerritoryTestCases"/>
  <testcase name="test29" time="1.292" classname="com.webtest.ranzhicase.MyTerritoryTestCases"/>
  <testcase name="test45" time="3.781" classname="com.webtest.ranzhicase.MyTerritoryTestCases"/>
  <testcase name="test15" time="11.386" classname="com.webtest.ranzhicase.MyTerritoryTestCases"/>
  <testcase name="test10" time="4.663" classname="com.webtest.ranzhicase.MyTerritoryTestCases"/>
  <testcase name="test41" time="4.036" classname="com.webtest.ranzhicase.MyTerritoryTestCases"/>
  <testcase name="test02" time="9.837" classname="com.webtest.ranzhicase.MyTerritoryTestCases"/>
  <testcase name="test18" time="3.486" classname="com.webtest.ranzhicase.MyTerritoryTestCases"/>
  <testcase name="test42" time="3.853" classname="com.webtest.ranzhicase.MyTerritoryTestCases"/>
  <testcase name="test08" time="0.727" classname="com.webtest.ranzhicase.MyTerritoryTestCases"/>
  <testcase name="test27" time="2.072" classname="com.webtest.ranzhicase.MyTerritoryTestCases"/>
  <testcase name="test14" time="10.390" classname="com.webtest.ranzhicase.MyTerritoryTestCases"/>
  <testcase name="test19" time="3.872" classname="com.webtest.ranzhicase.MyTerritoryTestCases"/>
  <testcase name="test46" time="3.906" classname="com.webtest.ranzhicase.MyTerritoryTestCases"/>
  <testcase name="test46" time="3.979" classname="com.webtest.ranzhicase.MyTerritoryTestCases"/>
  <testcase name="test01" time="12.060" classname="com.webtest.ranzhicase.MyTerritoryTestCases"/>
  <testcase name="test11" time="4.228" classname="com.webtest.ranzhicase.MyTerritoryTestCases"/>
  <testcase name="test33" time="0.580" classname="com.webtest.ranzhicase.MyTerritoryTestCases"/>
  <testcase name="test05" time="14.491" classname="com.webtest.ranzhicase.MyTerritoryTestCases"/>
  <testcase name="test24" time="3.916" classname="com.webtest.ranzhicase.MyTerritoryTestCases"/>
  <testcase name="test17" time="6.671" classname="com.webtest.ranzhicase.MyTerritoryTestCases"/>
  <testcase name="test30" time="1.624" classname="com.webtest.ranzhicase.MyTerritoryTestCases"/>
  <testcase name="test12" time="3.615" classname="com.webtest.ranzhicase.MyTerritoryTestCases"/>
  <testcase name="test46" time="4.035" classname="com.webtest.ranzhicase.MyTerritoryTestCases"/>
  <testcase name="test09" time="7.279" classname="com.webtest.ranzhicase.MyTerritoryTestCases"/>
  <testcase name="test16" time="21.635" classname="com.webtest.ranzhicase.MyTerritoryTestCases"/>
  <testcase name="test46" time="3.969" classname="com.webtest.ranzhicase.MyTerritoryTestCases"/>
  <testcase name="test36" time="3.648" classname="com.webtest.ranzhicase.MyTerritoryTestCases"/>
  <testcase name="test46" time="4.083" classname="com.webtest.ranzhicase.MyTerritoryTestCases"/>
  <testcase name="test46" time="4.001" classname="com.webtest.ranzhicase.MyTerritoryTestCases"/>
  <testcase name="test31" time="1.418" classname="com.webtest.ranzhicase.MyTerritoryTestCases"/>
  <testcase name="test07" time="9.946" classname="com.webtest.ranzhicase.MyTerritoryTestCases"/>
  <testcase name="test34" time="1.001" classname="com.webtest.ranzhicase.MyTerritoryTestCases"/>
  <testcase name="test35" time="4.256" classname="com.webtest.ranzhicase.MyTerritoryTestCases"/>
  <testcase name="test03" time="10.110" classname="com.webtest.ranzhicase.MyTerritoryTestCases"/>
</testsuite> <!-- com.webtest.ranzhicase.MyTerritoryTestCases -->
