<?xml version="1.0" encoding="UTF-8"?>
<!-- Generated by org.testng.reporters.JUnitReportReporter -->
<testsuite hostname="abc123" name="com.webtest.ranzhicase.DailyOfficeTestCases" tests="43" failures="0" timestamp="19 Dec 2019 04:47:59 GMT" time="4.219" errors="0">
  <testcase name="test34" time="0.082" classname="com.webtest.ranzhicase.DailyOfficeTestCases"/>
  <testcase name="test03" time="0.059" classname="com.webtest.ranzhicase.DailyOfficeTestCases"/>
  <testcase name="test01" time="0.161" classname="com.webtest.ranzhicase.DailyOfficeTestCases"/>
  <testcase name="test10" time="0.055" classname="com.webtest.ranzhicase.DailyOfficeTestCases"/>
  <testcase name="test15" time="0.138" classname="com.webtest.ranzhicase.DailyOfficeTestCases"/>
  <testcase name="test26" time="0.071" classname="com.webtest.ranzhicase.DailyOfficeTestCases"/>
  <testcase name="test29" time="0.087" classname="com.webtest.ranzhicase.DailyOfficeTestCases"/>
  <testcase name="test39" time="0.058" classname="com.webtest.ranzhicase.DailyOfficeTestCases"/>
  <testcase name="test43" time="0.057" classname="com.webtest.ranzhicase.DailyOfficeTestCases"/>
  <testcase name="test08" time="0.085" classname="com.webtest.ranzhicase.DailyOfficeTestCases"/>
  <testcase name="test21" time="0.068" classname="com.webtest.ranzhicase.DailyOfficeTestCases"/>
  <testcase name="test42" time="0.059" classname="com.webtest.ranzhicase.DailyOfficeTestCases"/>
  <testcase name="test09" time="0.051" classname="com.webtest.ranzhicase.DailyOfficeTestCases"/>
  <testcase name="test32" time="0.091" classname="com.webtest.ranzhicase.DailyOfficeTestCases"/>
  <testcase name="test17" time="0.165" classname="com.webtest.ranzhicase.DailyOfficeTestCases"/>
  <testcase name="test22" time="0.082" classname="com.webtest.ranzhicase.DailyOfficeTestCases"/>
  <testcase name="test11" time="0.074" classname="com.webtest.ranzhicase.DailyOfficeTestCases"/>
  <testcase name="test41" time="0.053" classname="com.webtest.ranzhicase.DailyOfficeTestCases"/>
  <testcase name="test12" time="0.105" classname="com.webtest.ranzhicase.DailyOfficeTestCases"/>
  <testcase name="test19" time="0.125" classname="com.webtest.ranzhicase.DailyOfficeTestCases"/>
  <testcase name="test06" time="0.044" classname="com.webtest.ranzhicase.DailyOfficeTestCases"/>
  <testcase name="test40" time="0.063" classname="com.webtest.ranzhicase.DailyOfficeTestCases"/>
  <testcase name="test35" time="0.066" classname="com.webtest.ranzhicase.DailyOfficeTestCases"/>
  <testcase name="test07" time="0.100" classname="com.webtest.ranzhicase.DailyOfficeTestCases"/>
  <testcase name="test33" time="0.071" classname="com.webtest.ranzhicase.DailyOfficeTestCases"/>
  <testcase name="test04" time="0.244" classname="com.webtest.ranzhicase.DailyOfficeTestCases"/>
  <testcase name="test14" time="0.083" classname="com.webtest.ranzhicase.DailyOfficeTestCases"/>
  <testcase name="test16" time="0.070" classname="com.webtest.ranzhicase.DailyOfficeTestCases"/>
  <testcase name="test20" time="0.099" classname="com.webtest.ranzhicase.DailyOfficeTestCases"/>
  <testcase name="test25" time="0.047" classname="com.webtest.ranzhicase.DailyOfficeTestCases"/>
  <testcase name="test44" time="0.055" classname="com.webtest.ranzhicase.DailyOfficeTestCases"/>
  <testcase name="test37" time="0.067" classname="com.webtest.ranzhicase.DailyOfficeTestCases"/>
  <testcase name="test02" time="0.096" classname="com.webtest.ranzhicase.DailyOfficeTestCases"/>
  <testcase name="test23" time="0.052" classname="com.webtest.ranzhicase.DailyOfficeTestCases"/>
  <testcase name="test38" time="0.089" classname="com.webtest.ranzhicase.DailyOfficeTestCases"/>
  <testcase name="test27" time="0.050" classname="com.webtest.ranzhicase.DailyOfficeTestCases"/>
  <testcase name="test30" time="0.085" classname="com.webtest.ranzhicase.DailyOfficeTestCases"/>
  <testcase name="test36" time="0.058" classname="com.webtest.ranzhicase.DailyOfficeTestCases"/>
  <testcase name="test31" time="0.082" classname="com.webtest.ranzhicase.DailyOfficeTestCases"/>
  <testcase name="test18" time="0.107" classname="com.webtest.ranzhicase.DailyOfficeTestCases"/>
  <testcase name="test13" time="0.061" classname="com.webtest.ranzhicase.DailyOfficeTestCases"/>
  <testcase name="test05" time="0.700" classname="com.webtest.ranzhicase.DailyOfficeTestCases"/>
  <testcase name="test28" time="0.104" classname="com.webtest.ranzhicase.DailyOfficeTestCases"/>
</testsuite> <!-- com.webtest.ranzhicase.DailyOfficeTestCases -->
