<?xml version="1.0" encoding="UTF-8"?>
<!-- Generated by org.testng.reporters.JUnitReportReporter -->
<testsuite hostname="abc123" name="com.webtest.ranzhicase.AllTestCase" tests="12" failures="0" timestamp="12 Dec 2019 02:16:29 GMT" time="6.338" errors="0">
  <testcase name="testSearchActions" time="0.244" classname="com.webtest.ranzhicase.AllTestCase"/>
  <testcase name="testSearchActions" time="0.244" classname="com.webtest.ranzhicase.AllTestCase"/>
  <testcase name="testSearchActions" time="0.256" classname="com.webtest.ranzhicase.AllTestCase"/>
  <testcase name="testSearchActions" time="0.249" classname="com.webtest.ranzhicase.AllTestCase"/>
  <testcase name="testSearchActions" time="0.232" classname="com.webtest.ranzhicase.AllTestCase"/>
  <testcase name="testSearchActions" time="0.258" classname="com.webtest.ranzhicase.AllTestCase"/>
  <testcase name="testSearchActions" time="0.245" classname="com.webtest.ranzhicase.AllTestCase"/>
  <testcase name="testSearchActions" time="0.271" classname="com.webtest.ranzhicase.AllTestCase"/>
  <testcase name="testSearchActions" time="0.249" classname="com.webtest.ranzhicase.AllTestCase"/>
  <testcase name="testSearchActions" time="0.244" classname="com.webtest.ranzhicase.AllTestCase"/>
  <testcase name="testSearchActions" time="3.615" classname="com.webtest.ranzhicase.AllTestCase"/>
  <testcase name="testSearchActions" time="0.231" classname="com.webtest.ranzhicase.AllTestCase"/>
</testsuite> <!-- com.webtest.ranzhicase.AllTestCase -->
