<?xml version="1.0" encoding="UTF-8"?>
<!-- Generated by org.testng.reporters.JUnitReportReporter -->
<testsuite hostname="DESKTOP-DF2BP00" name="com.edu.ranzhi.LoginTest" tests="2" failures="0" timestamp="14 Nov 2019 03:17:25 GMT" time="21.482" errors="0">
  <testcase name="testGetLogin" time="12.317" classname="com.edu.ranzhi.LoginTest"/>
  <testcase name="testGetLoginfail" time="9.165" classname="com.edu.ranzhi.LoginTest"/>
</testsuite> <!-- com.edu.ranzhi.LoginTest -->
