<?xml version="1.0" encoding="UTF-8"?>
<!-- Generated by org.testng.reporters.JUnitReportReporter -->
<testsuite hostname="DESKTOP-DF2BP00" name="com.edu.ranzhi.AddPlanTest" tests="1" failures="0" timestamp="5 Dec 2019 02:59:55 GMT" time="26.794" errors="0">
  <testcase name="testplan" time="26.794" classname="com.edu.ranzhi.AddPlanTest"/>
</testsuite> <!-- com.edu.ranzhi.AddPlanTest -->
