<?xml version="1.0" encoding="UTF-8"?>
<!-- Generated by org.testng.reporters.JUnitReportReporter -->
<testsuite hostname="DESKTOP-DF2BP00" name="com.edu.ranzhi.AddMembersTest" tests="1" failures="0" timestamp="4 Dec 2019 06:17:31 GMT" time="23.004" errors="0">
  <testcase name="testManage" time="23.004" classname="com.edu.ranzhi.AddMembersTest"/>
</testsuite> <!-- com.edu.ranzhi.AddMembersTest -->
