<?xml version="1.0" encoding="UTF-8"?>
<!-- Generated by org.testng.reporters.JUnitReportReporter -->
<testsuite hostname="DESKTOP-DF2BP00" name="com.edu.ranzhi.BackUpTest" tests="1" failures="0" timestamp="5 Dec 2019 11:06:18 GMT" time="31.334" errors="0">
  <testcase name="testBackUp" time="31.334" classname="com.edu.ranzhi.BackUpTest"/>
</testsuite> <!-- com.edu.ranzhi.BackUpTest -->
