<?xml version="1.0" encoding="UTF-8"?>
<!-- Generated by org.testng.reporters.JUnitReportReporter -->
<testsuite hostname="DESKTOP-DF2BP00" name="com.edu.ranzhi.SendingSettingsTest" tests="1" failures="0" timestamp="4 Dec 2019 09:13:33 GMT" time="26.213" errors="0">
  <testcase name="testXuanxuan" time="26.213" classname="com.edu.ranzhi.SendingSettingsTest"/>
</testsuite> <!-- com.edu.ranzhi.SendingSettingsTest -->
