<?xml version="1.0" encoding="UTF-8"?>
<!-- Generated by org.testng.reporters.JUnitReportReporter -->
<testsuite hostname="DESKTOP-DF2BP00" name="com.edu.ranzhi.RestartXuanXuan" tests="1" failures="0" timestamp="4 Dec 2019 07:12:10 GMT" time="26.055" errors="0">
  <testcase name="testXuanxuan" time="26.055" classname="com.edu.ranzhi.RestartXuanXuan"/>
</testsuite> <!-- com.edu.ranzhi.RestartXuanXuan -->
