<?xml version="1.0" encoding="UTF-8"?>
<!-- Generated by org.testng.reporters.JUnitReportReporter -->
<testsuite hostname="DESKTOP-DF2BP00" name="com.edu.ranzhi.AddApplicationTest" tests="1" failures="0" timestamp="4 Dec 2019 07:46:52 GMT" time="30.132" errors="0">
  <testcase name="testManage" time="30.132" classname="com.edu.ranzhi.AddApplicationTest"/>
</testsuite> <!-- com.edu.ranzhi.AddApplicationTest -->
