<?xml version="1.0" encoding="UTF-8"?>
<!-- Generated by org.testng.reporters.JUnitReportReporter -->
<testsuite hostname="DESKTOP-DF2BP00" name="com.edu.ranzhi.Index" tests="1" failures="0" timestamp="3 Dec 2019 01:36:49 GMT" time="6.701" errors="0">
  <testcase name="testManage" time="6.701" classname="com.edu.ranzhi.Index"/>
</testsuite> <!-- com.edu.ranzhi.Index -->
