<?xml version="1.0" encoding="UTF-8"?>
<!-- Generated by org.testng.reporters.JUnitReportReporter -->
<testsuite hostname="DESKTOP-DF2BP00" name="com.edu.ranzhi.LoginTest" tests="1" failures="0" timestamp="3 Dec 2019 08:01:07 GMT" time="38.327" errors="0">
  <testcase name="testManage" time="38.327" classname="com.edu.ranzhi.LoginTest"/>
</testsuite> <!-- com.edu.ranzhi.LoginTest -->
