<?xml version="1.0" encoding="UTF-8"?>
<!-- Generated by org.testng.reporters.JUnitReportReporter -->
<testsuite hostname="DESKTOP-DF2BP00" name="com.edu.ranzhi.CompanyinformationTest" tests="1" failures="0" timestamp="4 Dec 2019 06:24:14 GMT" time="23.127" errors="0">
  <testcase name="testManage" time="23.127" classname="com.edu.ranzhi.CompanyinformationTest"/>
</testsuite> <!-- com.edu.ranzhi.CompanyinformationTest -->
