<?xml version="1.0" encoding="UTF-8"?>
<!-- Generated by org.testng.reporters.JUnitReportReporter -->
<testsuite hostname="LAPTOP-CAI9TNU4" name="ranzhi.Front_Login_ranzhi" tests="2" failures="0" timestamp="14 Nov 2019 11:57:37 GMT" time="15.152" errors="0">
  <testcase name="testLogin" time="8.772" classname="ranzhi.Front_Login_ranzhi"/>
  <testcase name="test1" time="6.380" classname="ranzhi.Front_Login_ranzhi"/>
</testsuite> <!-- ranzhi.Front_Login_ranzhi -->
