<?xml version="1.0" encoding="UTF-8"?>
<!-- Generated by org.testng.reporters.JUnitReportReporter -->
<testsuite skipped="0" hostname="DESKTOP-35005B5" name="pa.login" tests="1" failures="0" timestamp="03 十二月 2019 01:36:23 GMT" time="8.113" errors="0">
  <testcase name="testLogin" time="8.113" classname="pa.login"/>
</testsuite> <!-- pa.login -->
