<?xml version="1.0" encoding="UTF-8"?>
<!-- Generated by org.testng.reporters.JUnitReportReporter -->
<testsuite hostname="DESKTOP-DF2BP00" name="com.edu.qingguo.SubmitTest" tests="1" failures="0" timestamp="19 Dec 2019 00:56:53 GMT" time="0.549" errors="0">
  <testcase name="testSubmit" time="0.549" classname="com.edu.qingguo.SubmitTest"/>
</testsuite> <!-- com.edu.qingguo.SubmitTest -->
