<?xml version="1.0" encoding="UTF-8"?>
<!-- Generated by org.testng.reporters.JUnitReportReporter -->
<testsuite hostname="DESKTOP-DF2BP00" name="com.edu.qingguo.NewAddress" tests="2" failures="0" timestamp="19 Dec 2019 00:58:01 GMT" time="0.505" errors="0">
  <testcase name="testNewSuccess" time="0.019" classname="com.edu.qingguo.NewAddress"/>
  <testcase name="testNewFail" time="0.486" classname="com.edu.qingguo.NewAddress"/>
</testsuite> <!-- com.edu.qingguo.NewAddress -->
