<?xml version="1.0" encoding="UTF-8"?>
<!-- Generated by org.testng.reporters.JUnitReportReporter -->
<testsuite hostname="DESKTOP-DF2BP00" name="com.edu.qingguo.AddressList" tests="1" failures="0" timestamp="19 Dec 2019 01:00:45 GMT" time="0.401" errors="0">
  <testcase name="testGetAddress" time="0.401" classname="com.edu.qingguo.AddressList"/>
</testsuite> <!-- com.edu.qingguo.AddressList -->
