<?xml version="1.0" encoding="UTF-8"?>
<!-- Generated by org.testng.reporters.JUnitReportReporter -->
<testsuite hostname="DESKTOP-DF2BP00" name="com.edu.qingguo.DeleteAddress" tests="2" failures="0" timestamp="19 Dec 2019 00:59:56 GMT" time="0.474" errors="0">
  <testcase name="testDeleteFail" time="0.462" classname="com.edu.qingguo.DeleteAddress"/>
  <testcase name="testDeleteSuccess" time="0.012" classname="com.edu.qingguo.DeleteAddress"/>
</testsuite> <!-- com.edu.qingguo.DeleteAddress -->
