<?xml version="1.0" encoding="UTF-8"?>
<!-- Generated by org.testng.reporters.JUnitReportReporter -->
<testsuite hostname="DESKTOP-DF2BP00" name="com.edu.qingguo.SkulistTest" tests="1" failures="0" timestamp="19 Dec 2019 00:57:24 GMT" time="0.702" errors="0">
  <testcase name="test1" time="0.702" classname="com.edu.qingguo.SkulistTest"/>
</testsuite> <!-- com.edu.qingguo.SkulistTest -->
