<?xml version="1.0" encoding="UTF-8"?>
<!-- Generated by org.testng.reporters.JUnitReportReporter -->
<testsuite hostname="DESKTOP-DF2BP00" name="com.edu.qingguo.GetTransportFee" tests="1" failures="0" timestamp="19 Dec 2019 00:59:07 GMT" time="0.413" errors="0">
  <testcase name="testGetAddress" time="0.413" classname="com.edu.qingguo.GetTransportFee"/>
</testsuite> <!-- com.edu.qingguo.GetTransportFee -->
