<?xml version="1.0" encoding="UTF-8"?>
<!-- Generated by org.testng.reporters.JUnitReportReporter -->
<testsuite hostname="DESKTOP-DF2BP00" name="com.edu.qingguo.Submit" tests="1" failures="0" timestamp="25 Sep 2019 08:57:52 GMT" time="0.408" errors="0">
  <testcase name="testSubmit" time="0.408" classname="com.edu.qingguo.Submit"/>
</testsuite> <!-- com.edu.qingguo.Submit -->
