<?xml version="1.0" encoding="UTF-8"?>
<!-- Generated by org.testng.reporters.JUnitReportReporter -->
<testsuite hostname="DESKTOP-DF2BP00" name="com.edu.qingguo.SkulistTest2" tests="1" failures="0" timestamp="19 Sep 2019 01:53:06 GMT" time="0.667" errors="0">
  <testcase name="test1" time="0.667" classname="com.edu.qingguo.SkulistTest2"/>
</testsuite> <!-- com.edu.qingguo.SkulistTest2 -->
